[     168ms] [LOG] [Fast Refresh] rebuilding @ http://localhost:3000/_next/static/chunks/node_modules_next_dist_115brz8._.js:2477
[    4705ms] [LOG] [Fast Refresh] done in 4650ms @ http://localhost:3000/_next/static/chunks/node_modules_next_dist_115brz8._.js:2477
[    4940ms] [INFO] %cDownload the React DevTools for a better development experience: https://react.dev/link/react-devtools font-weight:bold @ http://localhost:3000/_next/static/chunks/node_modules_next_dist_115brz8._.js:2477
[    5017ms] [LOG] [HMR] connected @ http://localhost:3000/_next/static/chunks/node_modules_next_dist_115brz8._.js:2477
[    5231ms] [ERROR] Encountered a script tag while rendering React component. Scripts inside React components are never executed when rendering on the client. Consider using template tag instead (https://developer.mozilla.org/en-US/docs/Web/HTML/Element/template). @ http://localhost:3000/_next/static/chunks/node_modules_next_dist_115brz8._.js:3318
[    5272ms] [ERROR] In HTML, %s cannot be a descendant of <%s>.
This will cause a hydration error.%s <li> li 

  ...
    <SegmentViewNode type="layout" pagePath="(dashboard...">
      <SegmentTrieNode>
      <script>
      <script>
      <script>
      <DashboardLayout>
        <SidebarProvider>
          <div data-slot="sidebar-wr..." style={{...}} className="group/side...">
            <Sidebar>
            <SidebarInset>
              <main data-slot="sidebar-inset" className="relative f...">
                <AppHeader>
                  <header className="flex h-14 ...">
                    <SidebarTrigger>
                    <Separator>
                    <Breadcrumb className="flex-1">
                      <nav aria-label="breadcrumb" data-slot="breadcrumb" className="flex-1">
                        <BreadcrumbList>
                          <ol data-slot="breadcrumb..." className="flex flex-...">
                            <BreadcrumbItem>
>                             <li data-slot="breadcrumb-item" className="inline-flex items-center gap-1.5">
                                <BreadcrumbLink>
                                <BreadcrumbSeparator>
>                                 <li
>                                   data-slot="breadcrumb-separator"
>                                   role="presentation"
>                                   aria-hidden="true"
>                                   className={"[&>svg]:size-3.5"}
>                                 >
                            ...
                    ...
                ...
 @ http://localhost:3000/_next/static/chunks/node_modules_next_dist_115brz8._.js:3318
[    5273ms] [ERROR] <%s> cannot contain a nested %s.
See this log for the ancestor stack trace. li <li> @ http://localhost:3000/_next/static/chunks/node_modules_next_dist_115brz8._.js:3318
[    5312ms] Error: Hydration failed because the server rendered HTML didn't match the client. As a result this tree will be regenerated on the client. This can happen if a SSR-ed Client Component used:

- A server/client branch `if (typeof window !== 'undefined')`.
- Variable input such as `Date.now()` or `Math.random()` which changes each time it's called.
- Date formatting in a user's locale which doesn't match the server.
- External changing data without sending a snapshot of it along with the HTML.
- Invalid HTML tag nesting.

It can also happen if the client has a browser extension installed which messes with the HTML before React loaded.

https://react.dev/link/hydration-mismatch

  ...
    <div data-slot="sidebar-wr..." style={{...}} className="group/side...">
      <AppSidebar>
        <Sidebar collapsible="icon">
          <div className="group peer..." data-state="expanded" data-collapsible="" data-variant="sidebar" ...>
            <div>
            <div data-slot="sidebar-co..." data-side="left" className="fixed inse...">
              <div data-sidebar="sidebar" data-slot="sidebar-inner" className="flex size-...">
                <SidebarHeader>
                <SidebarContent>
                  <div data-slot="sidebar-co..." data-sidebar="content" className="no-scrollb...">
                    <SidebarGroup>
                      <div data-slot="sidebar-group" data-sidebar="group" className="relative f...">
                        <SidebarGroupContent>
                          <div data-slot="sidebar-gr..." data-sidebar="group-content" className="w-full tex...">
                            <SidebarMenu>
                              <ul data-slot="sidebar-menu" data-sidebar="menu" className="flex w-ful...">
                                <SidebarMenuItem>
                                  <li data-slot="sidebar-me..." data-sidebar="menu-item" className="group/menu...">
-                                   <a
-                                     data-slot="sidebar-menu-button"
-                                     data-sidebar="menu-button"
-                                     data-size="default"
-                                     data-active="false"
-                                     className={"peer/menu-button group/menu-button flex w-full items-center gap-2 o..."}
-                                     data-state="closed"
-                                     href="/"
-                                   >
                                ...
                        ...
                    ...
                ...
      ...

    at throwOnHydrationMismatch (http://localhost:3000/_next/static/chunks/node_modules_next_dist_compiled_react-dom_058-ah~._.js:3318:56)
    at popHydrationState (http://localhost:3000/_next/static/chunks/node_modules_next_dist_compiled_react-dom_058-ah~._.js:3403:13)
    at completeWork (http://localhost:3000/_next/static/chunks/node_modules_next_dist_compiled_react-dom_058-ah~._.js:6922:25)
    at runWithFiberInDEV (http://localhost:3000/_next/static/chunks/node_modules_next_dist_compiled_react-dom_058-ah~._.js:965:74)
    at completeUnitOfWork (http://localhost:3000/_next/static/chunks/node_modules_next_dist_compiled_react-dom_058-ah~._.js:9622:23)
    at performUnitOfWork (http://localhost:3000/_next/static/chunks/node_modules_next_dist_compiled_react-dom_058-ah~._.js:9557:28)
    at workLoopConcurrentByScheduler (http://localhost:3000/_next/static/chunks/node_modules_next_dist_compiled_react-dom_058-ah~._.js:9551:58)
    at renderRootConcurrent (http://localhost:3000/_next/static/chunks/node_modules_next_dist_compiled_react-dom_058-ah~._.js:9534:71)
    at performWorkOnRoot (http://localhost:3000/_next/static/chunks/node_modules_next_dist_compiled_react-dom_058-ah~._.js:9061:150)
    at performWorkOnRootViaSchedulerTask (http://localhost:3000/_next/static/chunks/node_modules_next_dist_compiled_react-dom_058-ah~._.js:10255:9)
    at MessagePort.performWorkUntilDeadline (http://localhost:3000/_next/static/chunks/node_modules_next_dist_compiled_0rpq4pf._.js:2647:64)
[    5488ms] [LOG] [Fast Refresh] rebuilding @ http://localhost:3000/_next/static/chunks/node_modules_next_dist_115brz8._.js:2477
[    5543ms] [LOG] [Fast Refresh] done in 164ms @ http://localhost:3000/_next/static/chunks/node_modules_next_dist_115brz8._.js:2477
[   21975ms] [LOG] [Fast Refresh] rebuilding @ http://localhost:3000/_next/static/chunks/node_modules_next_dist_115brz8._.js:2477
[   22194ms] [LOG] [Fast Refresh] done in 334ms @ http://localhost:3000/_next/static/chunks/node_modules_next_dist_115brz8._.js:2477
[  133597ms] [LOG] [Fast Refresh] rebuilding @ http://localhost:3000/_next/static/chunks/node_modules_next_dist_115brz8._.js:2477
[  134162ms] [LOG] [Fast Refresh] done in 678ms @ http://localhost:3000/_next/static/chunks/node_modules_next_dist_115brz8._.js:2477
[  135171ms] [LOG] [Fast Refresh] rebuilding @ http://localhost:3000/_next/static/chunks/node_modules_next_dist_115brz8._.js:2477
[  135189ms] [LOG] [Fast Refresh] done in 120ms @ http://localhost:3000/_next/static/chunks/node_modules_next_dist_115brz8._.js:2477
[  227000ms] [LOG] [Fast Refresh] rebuilding @ http://localhost:3000/_next/static/chunks/node_modules_next_dist_115brz8._.js:2477
[  227276ms] [LOG] [Fast Refresh] done in 398ms @ http://localhost:3000/_next/static/chunks/node_modules_next_dist_115brz8._.js:2477
[  593918ms] [LOG] [Fast Refresh] rebuilding @ http://localhost:3000/_next/static/chunks/node_modules_next_dist_115brz8._.js:2477
[  594647ms] [LOG] [Fast Refresh] done in 840ms @ http://localhost:3000/_next/static/chunks/node_modules_next_dist_115brz8._.js:2477
[  603749ms] [LOG] [Fast Refresh] rebuilding @ http://localhost:3000/_next/static/chunks/node_modules_next_dist_115brz8._.js:2477
[  603828ms] [LOG] [Fast Refresh] done in 194ms @ http://localhost:3000/_next/static/chunks/node_modules_next_dist_115brz8._.js:2477
[  611979ms] [LOG] [Fast Refresh] rebuilding @ http://localhost:3000/_next/static/chunks/node_modules_next_dist_115brz8._.js:2477
[  612011ms] [LOG] [Fast Refresh] done in 133ms @ http://localhost:3000/_next/static/chunks/node_modules_next_dist_115brz8._.js:2477
